2018-10-21 14:12:43,882 - Target log system for org.apache.velocity.runtime.log.AvalonLogChute is not available (java.lang.NoClassDefFoundError: org/apache/log/format/Formatter).  Falling back to next log system...
2018-10-21 14:12:43,886 - Trying to use logger class org.apache.velocity.runtime.log.Log4JLogChute
2018-10-21 14:12:43,886 - Using logger class org.apache.velocity.runtime.log.Log4JLogChute
2018-10-21 14:12:43,887 - ResourceLoader instantiated: org.apache.velocity.runtime.resource.loader.FileResourceLoader
2018-10-21 14:12:43,887 - Do unicode file recognition:  false
2018-10-21 14:12:43,887 - FileResourceLoader : adding path '.'
2018-10-21 14:12:43,887 - ResourceCache: initialized (class org.apache.velocity.runtime.resource.ResourceCacheImpl) with class java.util.Collections$SynchronizedMap cache map.
2018-10-21 14:12:43,888 - Loaded System Directive: org.apache.velocity.runtime.directive.Stop
2018-10-21 14:12:43,889 - Loaded System Directive: org.apache.velocity.runtime.directive.Define
2018-10-21 14:12:43,890 - Loaded System Directive: org.apache.velocity.runtime.directive.Break
2018-10-21 14:12:43,890 - Loaded System Directive: org.apache.velocity.runtime.directive.Evaluate
2018-10-21 14:12:43,890 - Loaded System Directive: org.apache.velocity.runtime.directive.Literal
2018-10-21 14:12:43,890 - Loaded System Directive: org.apache.velocity.runtime.directive.Macro
2018-10-21 14:12:43,891 - Loaded System Directive: org.apache.velocity.runtime.directive.Parse
2018-10-21 14:12:43,891 - Loaded System Directive: org.apache.velocity.runtime.directive.Include
2018-10-21 14:12:43,891 - Loaded System Directive: org.apache.velocity.runtime.directive.Foreach
2018-10-21 14:12:43,934 - Log4JLogChute initialized using file 'velocity.log'
2018-10-21 14:12:43,934 - Initializing Velocity, Calling init()...
2018-10-21 14:12:43,934 - Starting Apache Velocity v1.7 (compiled: 2010-11-19 12:14:37)
2018-10-21 14:12:43,934 - Default Properties File: org/apache/velocity/runtime/defaults/velocity.properties
2018-10-21 14:12:43,934 - Trying to use logger class org.apache.velocity.runtime.log.AvalonLogChute
2018-10-21 14:12:43,934 - Target log system for org.apache.velocity.runtime.log.AvalonLogChute is not available (java.lang.NoClassDefFoundError: org/apache/log/format/Formatter).  Falling back to next log system...
2018-10-21 14:12:43,934 - Trying to use logger class org.apache.velocity.runtime.log.Log4JLogChute
2018-10-21 14:12:43,934 - Using logger class org.apache.velocity.runtime.log.Log4JLogChute
2018-10-21 14:12:43,935 - ResourceLoader instantiated: org.apache.velocity.runtime.resource.loader.FileResourceLoader
2018-10-21 14:12:43,935 - Do unicode file recognition:  false
2018-10-21 14:12:43,935 - FileResourceLoader : adding path '.'
2018-10-21 14:12:43,935 - ResourceCache: initialized (class org.apache.velocity.runtime.resource.ResourceCacheImpl) with class java.util.Collections$SynchronizedMap cache map.
2018-10-21 14:12:43,936 - Loaded System Directive: org.apache.velocity.runtime.directive.Stop
2018-10-21 14:12:43,936 - Loaded System Directive: org.apache.velocity.runtime.directive.Define
2018-10-21 14:12:43,936 - Loaded System Directive: org.apache.velocity.runtime.directive.Break
2018-10-21 14:12:43,936 - Loaded System Directive: org.apache.velocity.runtime.directive.Evaluate
2018-10-21 14:12:43,936 - Loaded System Directive: org.apache.velocity.runtime.directive.Literal
2018-10-21 14:12:43,936 - Loaded System Directive: org.apache.velocity.runtime.directive.Macro
2018-10-21 14:12:43,936 - Loaded System Directive: org.apache.velocity.runtime.directive.Parse
2018-10-21 14:12:43,936 - Loaded System Directive: org.apache.velocity.runtime.directive.Include
2018-10-21 14:12:43,936 - Loaded System Directive: org.apache.velocity.runtime.directive.Foreach
2018-10-21 14:12:43,938 - Created '20' parsers.
2018-10-21 14:12:43,938 - Velocimacro : "velocimacro.library" is not set.  Trying default library: VM_global_library.vm
2018-10-21 14:12:43,938 - Velocimacro : Default library not found.
2018-10-21 14:12:43,938 - Velocimacro : allowInline = true : VMs can be defined inline in templates
2018-10-21 14:12:43,938 - Velocimacro : allowInlineToOverride = false : VMs defined inline may NOT replace previous VM definitions
2018-10-21 14:12:43,939 - Velocimacro : allowInlineLocal = false : VMs defined inline will be global in scope if allowed.
2018-10-21 14:12:43,940 - Velocimacro : autoload off : VM system will not automatically reload global library macros
